EDA Netlist Writer report for FlappyBird_Mini_Project
Mon May 30 23:22:48 2022
Quartus II 64-Bit Version 13.0.0 Build 156 04/24/2013 SJ Web Edition


---------------------
; Table of Contents ;
---------------------
  1. Legal Notice
  2. EDA Netlist Writer Summary
  3. Simulation Settings
  4. Simulation Generated Files
  5. EDA Netlist Writer Messages



----------------
; Legal Notice ;
----------------
Copyright (C) 1991-2013 Altera Corporation
Your use of Altera Corporation's design tools, logic functions 
and other software and tools, and its AMPP partner logic 
functions, and any output files from any of the foregoing 
(including device programming or simulation files), and any 
associated documentation or information are expressly subject 
to the terms and conditions of the Altera Program License 
Subscription Agreement, Altera MegaCore Function License 
Agreement, or other applicable license agreement, including, 
without limitation, that your use is for the sole purpose of 
programming logic devices manufactured by Altera and sold by 
Altera or its authorized distributors.  Please refer to the 
applicable agreement for further details.



+-------------------------------------------------------------------+
; EDA Netlist Writer Summary                                        ;
+---------------------------+---------------------------------------+
; EDA Netlist Writer Status ; Successful - Mon May 30 23:22:48 2022 ;
; Revision Name             ; FlappyBird_Mini_Project               ;
; Top-level Entity Name     ; FlappyBird_Mini_Project               ;
; Family                    ; Cyclone III                           ;
; Simulation Files Creation ; Successful                            ;
+---------------------------+---------------------------------------+


+----------------------------------------------------------------------------------------------------------------------------+
; Simulation Settings                                                                                                        ;
+---------------------------------------------------------------------------------------------------+------------------------+
; Option                                                                                            ; Setting                ;
+---------------------------------------------------------------------------------------------------+------------------------+
; Tool Name                                                                                         ; ModelSim-Altera (VHDL) ;
; Generate netlist for functional simulation only                                                   ; Off                    ;
; Time scale                                                                                        ; 1 ps                   ;
; Truncate long hierarchy paths                                                                     ; Off                    ;
; Map illegal HDL characters                                                                        ; Off                    ;
; Flatten buses into individual nodes                                                               ; Off                    ;
; Maintain hierarchy                                                                                ; Off                    ;
; Bring out device-wide set/reset signals as ports                                                  ; Off                    ;
; Enable glitch filtering                                                                           ; Off                    ;
; Do not write top level VHDL entity                                                                ; Off                    ;
; Disable detection of setup and hold time violations in the input registers of bi-directional pins ; Off                    ;
; Architecture name in VHDL output netlist                                                          ; structure              ;
; Generate third-party EDA tool command script for RTL functional simulation                        ; Off                    ;
; Generate third-party EDA tool command script for gate-level simulation                            ; Off                    ;
+---------------------------------------------------------------------------------------------------+------------------------+


+---------------------------------------------------------------------------------------------------------------------------------------+
; Simulation Generated Files                                                                                                            ;
+---------------------------------------------------------------------------------------------------------------------------------------+
; Generated Files                                                                                                                       ;
+---------------------------------------------------------------------------------------------------------------------------------------+
; C:/Users/Francis Cho/Documents/School/COMPSYS_305_Mini_Project/simulation/modelsim/FlappyBird_Mini_Project_6_1200mv_85c_slow.vho      ;
; C:/Users/Francis Cho/Documents/School/COMPSYS_305_Mini_Project/simulation/modelsim/FlappyBird_Mini_Project_6_1200mv_0c_slow.vho       ;
; C:/Users/Francis Cho/Documents/School/COMPSYS_305_Mini_Project/simulation/modelsim/FlappyBird_Mini_Project_min_1200mv_0c_fast.vho     ;
; C:/Users/Francis Cho/Documents/School/COMPSYS_305_Mini_Project/simulation/modelsim/FlappyBird_Mini_Project.vho                        ;
; C:/Users/Francis Cho/Documents/School/COMPSYS_305_Mini_Project/simulation/modelsim/FlappyBird_Mini_Project_6_1200mv_85c_vhd_slow.sdo  ;
; C:/Users/Francis Cho/Documents/School/COMPSYS_305_Mini_Project/simulation/modelsim/FlappyBird_Mini_Project_6_1200mv_0c_vhd_slow.sdo   ;
; C:/Users/Francis Cho/Documents/School/COMPSYS_305_Mini_Project/simulation/modelsim/FlappyBird_Mini_Project_min_1200mv_0c_vhd_fast.sdo ;
; C:/Users/Francis Cho/Documents/School/COMPSYS_305_Mini_Project/simulation/modelsim/FlappyBird_Mini_Project_vhd.sdo                    ;
+---------------------------------------------------------------------------------------------------------------------------------------+


+-----------------------------+
; EDA Netlist Writer Messages ;
+-----------------------------+
Info: *******************************************************************
Info: Running Quartus II 64-Bit EDA Netlist Writer
    Info: Version 13.0.0 Build 156 04/24/2013 SJ Web Edition
    Info: Processing started: Mon May 30 23:22:47 2022
Info: Command: quartus_eda --read_settings_files=off --write_settings_files=off FlappyBird_Mini_Project -c FlappyBird_Mini_Project
Info (204019): Generated file FlappyBird_Mini_Project_6_1200mv_85c_slow.vho in folder "C:/Users/Francis Cho/Documents/School/COMPSYS_305_Mini_Project/simulation/modelsim/" for EDA simulation tool
Info (204019): Generated file FlappyBird_Mini_Project_6_1200mv_0c_slow.vho in folder "C:/Users/Francis Cho/Documents/School/COMPSYS_305_Mini_Project/simulation/modelsim/" for EDA simulation tool
Info (204019): Generated file FlappyBird_Mini_Project_min_1200mv_0c_fast.vho in folder "C:/Users/Francis Cho/Documents/School/COMPSYS_305_Mini_Project/simulation/modelsim/" for EDA simulation tool
Info (204019): Generated file FlappyBird_Mini_Project.vho in folder "C:/Users/Francis Cho/Documents/School/COMPSYS_305_Mini_Project/simulation/modelsim/" for EDA simulation tool
Info (204019): Generated file FlappyBird_Mini_Project_6_1200mv_85c_vhd_slow.sdo in folder "C:/Users/Francis Cho/Documents/School/COMPSYS_305_Mini_Project/simulation/modelsim/" for EDA simulation tool
Info (204019): Generated file FlappyBird_Mini_Project_6_1200mv_0c_vhd_slow.sdo in folder "C:/Users/Francis Cho/Documents/School/COMPSYS_305_Mini_Project/simulation/modelsim/" for EDA simulation tool
Info (204019): Generated file FlappyBird_Mini_Project_min_1200mv_0c_vhd_fast.sdo in folder "C:/Users/Francis Cho/Documents/School/COMPSYS_305_Mini_Project/simulation/modelsim/" for EDA simulation tool
Info (204019): Generated file FlappyBird_Mini_Project_vhd.sdo in folder "C:/Users/Francis Cho/Documents/School/COMPSYS_305_Mini_Project/simulation/modelsim/" for EDA simulation tool
Info: Quartus II 64-Bit EDA Netlist Writer was successful. 0 errors, 0 warnings
    Info: Peak virtual memory: 4525 megabytes
    Info: Processing ended: Mon May 30 23:22:48 2022
    Info: Elapsed time: 00:00:01
    Info: Total CPU time (on all processors): 00:00:01


